# JRE version: OpenJDK Runtime Environment JBR-11.0.11.9-1341.57-dcevm (11.0.11+9) (build 11.0.11+9-b1341.57)
# Java VM: Dynamic Code Evolution 64-Bit Server VM JBR-11.0.11.9-1341.57-dcevm (11.0.11+9-b1341.57, mixed mode, tiered, compressed oops, g1 gc, windows-amd64)
Heap:
 garbage-first heap   total 891904K, used 455680K [0x0000000702a00000, 0x0000000800000000)
  region size 1024K, 8 young (8192K), 8 survivors (8192K)
 Metaspace       used 22035K, capacity 22469K, committed 23216K, reserved 1071104K
  class space    used 2163K, capacity 2294K, committed 2560K, reserved 1048576K
GC Heap History (20 events):
Event: 49.718 GC heap after
{Heap after GC invocations=82 (full 0):
 garbage-first heap   total 540672K, used 454722K [0x0000000702a00000, 0x0000000800000000)
  region size 1024K, 3 young (3072K), 3 survivors (3072K)
 Metaspace       used 22035K, capacity 22469K, committed 23216K, reserved 1071104K
  class space    used 2163K, capacity 2294K, committed 2560K, reserved 1048576K
}
Event: 49.781 GC heap before
{Heap before GC invocations=82 (full 0):
 garbage-first heap   total 540672K, used 479298K [0x0000000702a00000, 0x0000000800000000)
  region size 1024K, 27 young (27648K), 3 survivors (3072K)
 Metaspace       used 22035K, capacity 22469K, committed 23216K, reserved 1071104K
  class space    used 2163K, capacity 2294K, committed 2560K, reserved 1048576K
}
Event: 49.783 GC heap after
{Heap after GC invocations=83 (full 0):
 garbage-first heap   total 540672K, used 457552K [0x0000000702a00000, 0x0000000800000000)
  region size 1024K, 3 young (3072K), 3 survivors (3072K)
 Metaspace       used 22035K, capacity 22469K, committed 23216K, reserved 1071104K
  class space    used 2163K, capacity 2294K, committed 2560K, reserved 1048576K
}
Event: 49.876 GC heap before
{Heap before GC invocations=83 (full 0):
 garbage-first heap   total 540672K, used 481104K [0x0000000702a00000, 0x0000000800000000)
  region size 1024K, 26 young (26624K), 3 survivors (3072K)
 Metaspace       used 22035K, capacity 22469K, committed 23216K, reserved 1071104K
  class space    used 2163K, capacity 2294K, committed 2560K, reserved 1048576K
}
Event: 49.878 GC heap after
{Heap after GC invocations=84 (full 0):
 garbage-first heap   total 540672K, used 460135K [0x0000000702a00000, 0x0000000800000000)
  region size 1024K, 3 young (3072K), 3 survivors (3072K)
 Metaspace       used 22035K, capacity 22469K, committed 23216K, reserved 1071104K
  class space    used 2163K, capacity 2294K, committed 2560K, reserved 1048576K
}
Event: 50.000 GC heap before
{Heap before GC invocations=84 (full 0):
 garbage-first heap   total 540672K, used 483687K [0x0000000702a00000, 0x0000000800000000)
  region size 1024K, 26 young (26624K), 3 survivors (3072K)
 Metaspace       used 22035K, capacity 22469K, committed 23216K, reserved 1071104K
  class space    used 2163K, capacity 2294K, committed 2560K, reserved 1048576K
}
Event: 50.002 GC heap after
{Heap after GC invocations=85 (full 0):
 garbage-first heap   total 540672K, used 462868K [0x0000000702a00000, 0x0000000800000000)
  region size 1024K, 3 young (3072K), 3 survivors (3072K)
 Metaspace       used 22035K, capacity 22469K, committed 23216K, reserved 1071104K
  class space    used 2163K, capacity 2294K, committed 2560K, reserved 1048576K
}
Event: 50.102 GC heap before
{Heap before GC invocations=85 (full 0):
 garbage-first heap   total 540672K, used 486420K [0x0000000702a00000, 0x0000000800000000)
  region size 1024K, 26 young (26624K), 3 survivors (3072K)
 Metaspace       used 22035K, capacity 22469K, committed 23216K, reserved 1071104K
  class space    used 2163K, capacity 2294K, committed 2560K, reserved 1048576K
}
Event: 50.104 GC heap after
{Heap after GC invocations=86 (full 0):
 garbage-first heap   total 540672K, used 465351K [0x0000000702a00000, 0x0000000800000000)
  region size 1024K, 3 young (3072K), 3 survivors (3072K)
 Metaspace       used 22035K, capacity 22469K, committed 23216K, reserved 1071104K
  class space    used 2163K, capacity 2294K, committed 2560K, reserved 1048576K
}
Event: 50.470 GC heap before
{Heap before GC invocations=87 (full 0):
 garbage-first heap   total 540672K, used 488903K [0x0000000702a00000, 0x0000000800000000)
  region size 1024K, 26 young (26624K), 3 survivors (3072K)
 Metaspace       used 22035K, capacity 22469K, committed 23216K, reserved 1071104K
  class space    used 2163K, capacity 2294K, committed 2560K, reserved 1048576K
}
Event: 50.473 GC heap after
{Heap after GC invocations=88 (full 0):
 garbage-first heap   total 540672K, used 469719K [0x0000000702a00000, 0x0000000800000000)
  region size 1024K, 4 young (4096K), 4 survivors (4096K)
 Metaspace       used 22035K, capacity 22469K, committed 23216K, reserved 1071104K
  class space    used 2163K, capacity 2294K, committed 2560K, reserved 1048576K
}
Event: 50.596 GC heap before
{Heap before GC invocations=88 (full 0):
 garbage-first heap   total 540672K, used 492247K [0x0000000702a00000, 0x0000000800000000)
  region size 1024K, 26 young (26624K), 4 survivors (4096K)
 Metaspace       used 22035K, capacity 22469K, committed 23216K, reserved 1071104K
  class space    used 2163K, capacity 2294K, committed 2560K, reserved 1048576K
}
Event: 50.609 GC heap after
{Heap after GC invocations=89 (full 0):
 garbage-first heap   total 649216K, used 437061K [0x0000000702a00000, 0x0000000800000000)
  region size 1024K, 4 young (4096K), 4 survivors (4096K)
 Metaspace       used 22035K, capacity 22469K, committed 23216K, reserved 1071104K
  class space    used 2163K, capacity 2294K, committed 2560K, reserved 1048576K
}
Event: 50.799 GC heap before
{Heap before GC invocations=89 (full 0):
 garbage-first heap   total 649216K, used 464709K [0x0000000702a00000, 0x0000000800000000)
  region size 1024K, 31 young (31744K), 4 survivors (4096K)
 Metaspace       used 22035K, capacity 22469K, committed 23216K, reserved 1071104K
  class space    used 2163K, capacity 2294K, committed 2560K, reserved 1048576K
}
Event: 50.805 GC heap after
{Heap after GC invocations=90 (full 0):
 garbage-first heap   total 649216K, used 436719K [0x0000000702a00000, 0x0000000800000000)
  region size 1024K, 4 young (4096K), 4 survivors (4096K)
 Metaspace       used 22035K, capacity 22469K, committed 23216K, reserved 1071104K
  class space    used 2163K, capacity 2294K, committed 2560K, reserved 1048576K
}
Event: 51.140 GC heap before
{Heap before GC invocations=90 (full 0):
 garbage-first heap   total 649216K, used 516591K [0x0000000702a00000, 0x0000000800000000)
  region size 1024K, 82 young (83968K), 4 survivors (4096K)
 Metaspace       used 22035K, capacity 22469K, committed 23216K, reserved 1071104K
  class space    used 2163K, capacity 2294K, committed 2560K, reserved 1048576K
}
Event: 51.146 GC heap after
{Heap after GC invocations=91 (full 0):
 garbage-first heap   total 649216K, used 443750K [0x0000000702a00000, 0x0000000800000000)
  region size 1024K, 11 young (11264K), 11 survivors (11264K)
 Metaspace       used 22035K, capacity 22469K, committed 23216K, reserved 1071104K
  class space    used 2163K, capacity 2294K, committed 2560K, reserved 1048576K
}
Event: 51.659 GC heap before
{Heap before GC invocations=91 (full 0):
 garbage-first heap   total 649216K, used 525670K [0x0000000702a00000, 0x0000000800000000)
  region size 1024K, 91 young (93184K), 11 survivors (11264K)
 Metaspace       used 22035K, capacity 22469K, committed 23216K, reserved 1071104K
  class space    used 2163K, capacity 2294K, committed 2560K, reserved 1048576K
}
Event: 51.665 GC heap after
{Heap after GC invocations=92 (full 0):
 garbage-first heap   total 649216K, used 449574K [0x0000000702a00000, 0x0000000800000000)
  region size 1024K, 8 young (8192K), 8 survivors (8192K)
 Metaspace       used 22035K, capacity 22469K, committed 23216K, reserved 1071104K
  class space    used 2163K, capacity 2294K, committed 2560K, reserved 1048576K
}
Event: 51.987 GC heap before
{Heap before GC invocations=92 (full 0):
 garbage-first heap   total 649216K, used 532518K [0x0000000702a00000, 0x0000000800000000)
  region size 1024K, 89 young (91136K), 8 survivors (8192K)
 Metaspace       used 22035K, capacity 22469K, committed 23216K, reserved 1071104K
  class space    used 2163K, capacity 2294K, committed 2560K, reserved 1048576K
}

